<?xml version="1.0" encoding="UTF-8"?>
<!-- Generated by org.testng.reporters.JUnitReportReporter -->
<testsuite hostname="Mangesh" failures="0" tests="8" name="com.flip.qa.testcases.HomePageTest" time="136.202" errors="0" timestamp="08 May 2023 10:56:37 GMT" skipped="0">
  <testcase classname="com.flip.qa.testcases.HomePageTest" name="Cancel_Logon_Form" time="3.982"/>
  <testcase classname="com.flip.qa.testcases.HomePageTest" name="search_for_product" time="5.586"/>
  <testcase classname="com.flip.qa.testcases.HomePageTest" name="search_result" time="42.637"/>
  <testcase classname="com.flip.qa.testcases.HomePageTest" name="sort_product" time="5.283"/>
  <testcase classname="com.flip.qa.testcases.HomePageTest" name="validate_product_ascending_order" time="10.059"/>
  <testcase classname="com.flip.qa.testcases.HomePageTest" name="testAddToCartSecondProduct" time="22.838"/>
  <testcase classname="com.flip.qa.testcases.HomePageTest" name="testAddToCartThirdProduct" time="30.482"/>
  <testcase classname="com.flip.qa.testcases.HomePageTest" name="productvalidate" time="15.335"/>
</testsuite> <!-- com.flip.qa.testcases.HomePageTest -->
